<?xml version="1.0" encoding="UTF-8"?>
<!-- Generated by org.testng.reporters.JUnitReportReporter -->
<testsuite hostname="LenovoIdeaPad" failures="0" tests="1" name="tests.LoginTest" time="3.425" errors="0" timestamp="2023-12-01T23:40:40 IST" skipped="0">
  <testcase classname="tests.LoginTest" name="test_login" time="3.425"/>
  <system-out/>
</testsuite> <!-- tests.LoginTest -->
